Arguments: 
  /usr/local/bin/node /Users/szabi/.yarn/bin/yarn.js add @bable/plugin-proposal-nullish-coalescing-operator

PATH: 
  /Users/szabi/.yarn/bin:/Users/szabi/.config/yarn/global/node_modules/.bin:/Users/szabi/Library/Python/3.8/bin:/opt/homebrew/bin:/usr/local/bin:/System/Cryptexes/App/usr/bin:/usr/bin:/bin:/usr/sbin:/sbin:/Library/Apple/usr/bin:/Applications/Postgres.app/Contents/Versions/latest/bin

Yarn version: 
  1.22.18

Node version: 
  16.13.0

Platform: 
  darwin arm64

Trace: 
  Error: https://registry.yarnpkg.com/@bable%2fplugin-proposal-nullish-coalescing-operator: Not found
      at Request.params.callback [as _callback] (/Users/szabi/.yarn/lib/cli.js:66138:18)
      at Request.self.callback (/Users/szabi/.yarn/lib/cli.js:140883:22)
      at Request.emit (node:events:390:28)
      at Request.<anonymous> (/Users/szabi/.yarn/lib/cli.js:141855:10)
      at Request.emit (node:events:390:28)
      at IncomingMessage.<anonymous> (/Users/szabi/.yarn/lib/cli.js:141777:12)
      at Object.onceWrapper (node:events:509:28)
      at IncomingMessage.emit (node:events:402:35)
      at endReadableNT (node:internal/streams/readable:1343:12)
      at processTicksAndRejections (node:internal/process/task_queues:83:21)

npm manifest: 
  {
    "name": "babel-preset-szabi-space",
    "version": "1.0.0",
    "description": "my personal babel preset",
    "main": "index.js",
    "repository": "https://github.com/szabikr/sandbox-build-tools",
    "author": "szabikr",
    "license": "MIT"
  }

yarn manifest: 
  No manifest

Lockfile: 
  No lockfile
